Arguments: 
  /Users/paulmaxson/.nvm/versions/node/v10.7.0/bin/node /Users/paulmaxson/.yarn/bin/yarn.js init

PATH: 
  /Users/paulmaxson/.rvm/gems/ruby-2.4.2/bin:/Users/paulmaxson/.rvm/gems/ruby-2.4.2@global/bin:/Users/paulmaxson/.rvm/rubies/ruby-2.4.2/bin:/Users/paulmaxson/.yarn/bin:/Users/paulmaxson/.config/yarn/global/node_modules/.bin:/Users/paulmaxson/.nvm/versions/node/v10.7.0/bin:/Users/paulmaxson/scripts:/usr/local/bin:/usr/bin:/bin:/usr/sbin:/sbin:/opt/X11/bin:/usr/local/bin/git:/Users/paulmaxson/Library/Python/3.7/bin:/Users/paulmaxson/.rvm/bin

Yarn version: 
  1.13.0

Node version: 
  10.7.0

Platform: 
  darwin x64

Trace: 
  Error: canceled
      at Interface.<anonymous> (/Users/paulmaxson/.yarn/lib/cli.js:125657:13)
      at Interface.emit (events.js:182:13)
      at Interface._ttyWrite (readline.js:783:16)
      at ReadStream.onkeypress (readline.js:168:10)
      at ReadStream.emit (events.js:182:13)
      at emitKeys (internal/readline.js:422:14)
      at emitKeys.next (<anonymous>)
      at ReadStream.onData (readline.js:1022:36)
      at ReadStream.emit (events.js:182:13)
      at addChunk (_stream_readable.js:283:12)

npm manifest: 
  {
    "dependencies": {
      "express": "^4.17.1",
      "socket.io": "^2.2.0",
      "socket.io-client": "^2.2.0"
    }
  }

yarn manifest: 
  No manifest

Lockfile: 
  No lockfile
